0 info it worked if it ends with ok
1 verbose cli [ '/usr/local/bin/node',
1 verbose cli   '/usr/local/bin/npm',
1 verbose cli   'install',
1 verbose cli   '-g',
1 verbose cli   'mongo-hacker' ]
2 info using npm@2.14.12
3 info using node@v4.2.4
4 verbose install initial load of /usr/local/lib/package.json
5 verbose readDependencies loading dependencies from /usr/local/lib/package.json
6 silly cache add args [ 'mongo-hacker', null ]
7 verbose cache add spec mongo-hacker
8 silly cache add parsed spec Result {
8 silly cache add   raw: 'mongo-hacker',
8 silly cache add   scope: null,
8 silly cache add   name: 'mongo-hacker',
8 silly cache add   rawSpec: '',
8 silly cache add   spec: 'latest',
8 silly cache add   type: 'tag' }
9 silly addNamed mongo-hacker@latest
10 verbose addNamed "latest" is being treated as a dist-tag for mongo-hacker
11 info addNameTag [ 'mongo-hacker', 'latest' ]
12 silly mapToRegistry name mongo-hacker
13 silly mapToRegistry using default registry
14 silly mapToRegistry registry https://registry.npmjs.org/
15 silly mapToRegistry uri https://registry.npmjs.org/mongo-hacker
16 verbose addNameTag registry:https://registry.npmjs.org/mongo-hacker not in flight; fetching
17 verbose request uri https://registry.npmjs.org/mongo-hacker
18 verbose request no auth needed
19 info attempt registry request try #1 at 1:39:15 PM
20 verbose request id 794c802f7a571cec
21 verbose etag "1AY8N4KYZ7PA48GO6FYKNELRM"
22 http request GET https://registry.npmjs.org/mongo-hacker
23 http 304 https://registry.npmjs.org/mongo-hacker
24 verbose headers { date: 'Tue, 19 Apr 2016 17:39:15 GMT',
24 verbose headers   via: '1.1 varnish',
24 verbose headers   'cache-control': 'max-age=300',
24 verbose headers   etag: '"1AY8N4KYZ7PA48GO6FYKNELRM"',
24 verbose headers   age: '0',
24 verbose headers   connection: 'keep-alive',
24 verbose headers   'x-served-by': 'cache-jfk1030-JFK',
24 verbose headers   'x-cache': 'HIT',
24 verbose headers   'x-cache-hits': '1',
24 verbose headers   'x-timer': 'S1461087555.394967,VS0,VE99',
24 verbose headers   vary: 'Accept-Encoding' }
25 silly get cb [ 304,
25 silly get   { date: 'Tue, 19 Apr 2016 17:39:15 GMT',
25 silly get     via: '1.1 varnish',
25 silly get     'cache-control': 'max-age=300',
25 silly get     etag: '"1AY8N4KYZ7PA48GO6FYKNELRM"',
25 silly get     age: '0',
25 silly get     connection: 'keep-alive',
25 silly get     'x-served-by': 'cache-jfk1030-JFK',
25 silly get     'x-cache': 'HIT',
25 silly get     'x-cache-hits': '1',
25 silly get     'x-timer': 'S1461087555.394967,VS0,VE99',
25 silly get     vary: 'Accept-Encoding' } ]
26 verbose etag https://registry.npmjs.org/mongo-hacker from cache
27 verbose get saving mongo-hacker to /Users/doanvan/.npm/registry.npmjs.org/mongo-hacker/.cache.json
28 silly addNameTag next cb for mongo-hacker with tag latest
29 silly addNamed mongo-hacker@0.0.13
30 verbose addNamed "0.0.13" is a plain semver version for mongo-hacker
31 silly cache afterAdd mongo-hacker@0.0.13
32 verbose afterAdd /Users/doanvan/.npm/mongo-hacker/0.0.13/package/package.json not in flight; writing
33 verbose afterAdd /Users/doanvan/.npm/mongo-hacker/0.0.13/package/package.json written
34 silly install resolved [ { name: 'mongo-hacker',
34 silly install resolved     version: '0.0.13',
34 silly install resolved     description: 'MongoDB Shell Enhancements for Hackers',
34 silly install resolved     scripts:
34 silly install resolved      { test: 'echo "Error: no test specified" && exit 1',
34 silly install resolved        install: 'make install',
34 silly install resolved        update: 'make install',
34 silly install resolved        postuninstall: 'make uninstall' },
34 silly install resolved     preferGlobal: true,
34 silly install resolved     repository:
34 silly install resolved      { type: 'git',
34 silly install resolved        url: 'git+ssh://git@github.com/TylerBrock/mongo-hacker.git' },
34 silly install resolved     keywords: [ 'mongodb', 'shell', 'hacks', 'tweaks' ],
34 silly install resolved     author: { name: 'Tyler Brock', email: 'tyler.brock@gmail.com' },
34 silly install resolved     homepage: 'http://tylerbrock.github.io/mongo-hacker/',
34 silly install resolved     license: 'MIT',
34 silly install resolved     bugs: { url: 'https://github.com/TylerBrock/mongo-hacker/issues' },
34 silly install resolved     gitHead: 'bb87b3449c4b7d6d40449732b9d4976eb4a10436',
34 silly install resolved     _id: 'mongo-hacker@0.0.13',
34 silly install resolved     _shasum: '234316825958451185ab94d8d9f9144fba73593f',
34 silly install resolved     _from: 'mongo-hacker@latest',
34 silly install resolved     _npmVersion: '3.6.0',
34 silly install resolved     _nodeVersion: '5.7.1',
34 silly install resolved     _npmUser: { name: 'tylerbrock', email: 'tyler.brock@gmail.com' },
34 silly install resolved     dist:
34 silly install resolved      { shasum: '234316825958451185ab94d8d9f9144fba73593f',
34 silly install resolved        tarball: 'https://registry.npmjs.org/mongo-hacker/-/mongo-hacker-0.0.13.tgz' },
34 silly install resolved     maintainers: [ [Object] ],
34 silly install resolved     _npmOperationalInternal:
34 silly install resolved      { host: 'packages-13-west.internal.npmjs.com',
34 silly install resolved        tmp: 'tmp/mongo-hacker-0.0.13.tgz_1457367856983_0.5139188601169735' },
34 silly install resolved     directories: {},
34 silly install resolved     _resolved: 'https://registry.npmjs.org/mongo-hacker/-/mongo-hacker-0.0.13.tgz',
34 silly install resolved     readme: 'ERROR: No README data found!' } ]
35 info install mongo-hacker@0.0.13 into /usr/local/lib
36 info installOne mongo-hacker@0.0.13
37 verbose installOne of mongo-hacker to /usr/local/lib not in flight; installing
38 verbose lock using /Users/doanvan/.npm/_locks/mongo-hacker-ad7f305baebeac6b.lock for /usr/local/lib/node_modules/mongo-hacker
39 silly install write writing mongo-hacker 0.0.13 to /usr/local/lib/node_modules/mongo-hacker
40 verbose unbuild lib/node_modules/mongo-hacker
41 silly gentlyRm /usr/local/lib/node_modules/mongo-hacker is being purged from base /usr/local
42 verbose gentlyRm don't care about contents; nuking /usr/local/lib/node_modules/mongo-hacker
43 verbose tar unpack /Users/doanvan/.npm/mongo-hacker/0.0.13/package.tgz
44 verbose tar unpacking to /usr/local/lib/node_modules/mongo-hacker
45 silly gentlyRm /usr/local/lib/node_modules/mongo-hacker is being purged
46 verbose gentlyRm don't care about contents; nuking /usr/local/lib/node_modules/mongo-hacker
47 silly gunzTarPerm modes [ '755', '644' ]
48 silly gunzTarPerm extractEntry package.json
49 silly gunzTarPerm extractEntry .npmignore
50 silly gunzTarPerm extractEntry README.md
51 silly gunzTarPerm extractEntry LICENSE
52 silly gunzTarPerm extractEntry base.js
53 silly gunzTarPerm extractEntry config.js
54 silly gunzTarPerm extractEntry Makefile
55 silly gunzTarPerm extractEntry hacks/aggregation.js
56 silly gunzTarPerm extractEntry hacks/common.js
57 silly gunzTarPerm extractEntry hacks/count.js
58 silly gunzTarPerm extractEntry hacks/dbref.js
59 silly gunzTarPerm extractEntry hacks/color.js
60 silly gunzTarPerm extractEntry hacks/helpers.js
61 silly gunzTarPerm extractEntry hacks/index_paranoia.js
62 silly gunzTarPerm extractEntry hacks/old_aggregation.js
63 silly gunzTarPerm extractEntry hacks/prompt.js
64 silly gunzTarPerm extractEntry hacks/sh_status.js
65 silly gunzTarPerm extractEntry hacks/cmd_search.js
66 silly gunzTarPerm extractEntry hacks/show.js
67 silly gunzTarPerm extractEntry hacks/auto_complete.js
68 silly gunzTarPerm extractEntry hacks/uuid.js
69 silly gunzTarPerm extractEntry hacks/api.js
70 silly gunzTarPerm extractEntry hacks/verbose.js
71 silly gunzTarPerm extractEntry hacks/find_and_modify.js
72 verbose write writing to /usr/local/lib/node_modules/mongo-hacker/package.json
73 info preinstall mongo-hacker@0.0.13
74 verbose readDependencies loading dependencies from /usr/local/lib/node_modules/mongo-hacker/package.json
75 verbose readDependencies loading dependencies from /usr/local/lib/node_modules/mongo-hacker/package.json
76 silly install resolved []
77 verbose about to build /usr/local/lib/node_modules/mongo-hacker
78 info build /usr/local/lib/node_modules/mongo-hacker
79 info linkStuff mongo-hacker@0.0.13
80 silly linkStuff mongo-hacker@0.0.13 has /usr/local/lib/node_modules as its parent node_modules
81 silly linkStuff mongo-hacker@0.0.13 is part of a global install
82 silly linkStuff mongo-hacker@0.0.13 is installed into a global node_modules
83 silly linkStuff mongo-hacker@0.0.13 is installed into the top-level global node_modules
84 verbose linkBins mongo-hacker@0.0.13
85 verbose linkMans mongo-hacker@0.0.13
86 verbose rebuildBundles mongo-hacker@0.0.13
87 info install mongo-hacker@0.0.13
88 verbose unsafe-perm in lifecycle false
89 info mongo-hacker@0.0.13 Failed to exec install script
90 verbose unlock done using /Users/doanvan/.npm/_locks/mongo-hacker-ad7f305baebeac6b.lock for /usr/local/lib/node_modules/mongo-hacker
91 verbose stack Error: mongo-hacker@0.0.13 install: `make install`
91 verbose stack Exit status 2
91 verbose stack     at EventEmitter.<anonymous> (/usr/local/lib/node_modules/npm/lib/utils/lifecycle.js:214:16)
91 verbose stack     at emitTwo (events.js:87:13)
91 verbose stack     at EventEmitter.emit (events.js:172:7)
91 verbose stack     at ChildProcess.<anonymous> (/usr/local/lib/node_modules/npm/lib/utils/spawn.js:24:14)
91 verbose stack     at emitTwo (events.js:87:13)
91 verbose stack     at ChildProcess.emit (events.js:172:7)
91 verbose stack     at maybeClose (internal/child_process.js:818:16)
91 verbose stack     at Process.ChildProcess._handle.onexit (internal/child_process.js:211:5)
92 verbose pkgid mongo-hacker@0.0.13
93 verbose cwd /Users/doanvan/Desktop/mongoBasics
94 error Darwin 15.3.0
95 error argv "/usr/local/bin/node" "/usr/local/bin/npm" "install" "-g" "mongo-hacker"
96 error node v4.2.4
97 error npm  v2.14.12
98 error code ELIFECYCLE
99 error mongo-hacker@0.0.13 install: `make install`
99 error Exit status 2
100 error Failed at the mongo-hacker@0.0.13 install script 'make install'.
100 error This is most likely a problem with the mongo-hacker package,
100 error not with npm itself.
100 error Tell the author that this fails on your system:
100 error     make install
100 error You can get their info via:
100 error     npm owner ls mongo-hacker
100 error There is likely additional logging output above.
101 verbose exit [ 1, true ]
102 verbose unbuild lib/node_modules/mongo-hacker
103 info preuninstall mongo-hacker@0.0.13
104 info uninstall mongo-hacker@0.0.13
105 verbose unbuild rmStuff mongo-hacker@0.0.13 from /usr/local/lib/node_modules
106 info postuninstall mongo-hacker@0.0.13
107 verbose unsafe-perm in lifecycle false
108 info mongo-hacker@0.0.13 Failed to exec postuninstall script
109 warn continuing anyway mongo-hacker@0.0.13 postuninstall: `make uninstall`
109 warn continuing anyway Exit status 2
110 silly gentlyRm /usr/local/lib/node_modules/mongo-hacker is being purged from base /usr/local
111 verbose gentlyRm don't care about contents; nuking /usr/local/lib/node_modules/mongo-hacker
112 silly vacuum-fs purging /usr/local/lib/node_modules/mongo-hacker
113 silly vacuum-fs quitting because other entries in /usr/local/lib/node_modules
